<?xml version="1.0" encoding="UTF-8"?>
<!-- Generated by org.testng.reporters.JUnitReportReporter -->
<testsuite hostname="LAPTOP-SHJ53QN0" failures="0" tests="2" name="gitclass.NewPro" time="0.013" errors="0" timestamp="2022-09-02T12:19:10 IST" skipped="0">
  <testcase classname="gitclass.NewPro" name="test2" time="0.002"/>
  <system-out/>
  <testcase classname="gitclass.NewPro" name="test1" time="0.011"/>
  <system-out/>
</testsuite> <!-- gitclass.NewPro -->
