<?xml version="1.0" encoding="UTF-8"?>
<!-- Generated by org.testng.reporters.JUnitReportReporter -->
<testsuite hostname="LAPTOP-SHJ53QN0" failures="0" tests="2" name="gitclass.Git" time="0.019" errors="0" timestamp="2022-09-02T11:40:50 IST" skipped="0">
  <testcase classname="gitclass.Git" name="test2" time="0.003"/>
  <system-out/>
  <testcase classname="gitclass.Git" name="test1" time="0.016"/>
  <system-out/>
</testsuite> <!-- gitclass.Git -->
